[INFO] Scanning for projects...
[INFO] ------------------------------------------------------------------------
[INFO] Building Vaadin Web Application
[INFO]    task-segment: [clean, install]
[INFO] ------------------------------------------------------------------------
[INFO] [clean:clean {execution: default-clean}]
[INFO] Deleting /home/akswadmin/MofeedWork/evalink/target
[INFO] [resources:resources {execution: default-resources}]
[INFO] Using 'UTF-8' encoding to copy filtered resources.
[INFO] skip non existing resourceDirectory /home/akswadmin/MofeedWork/evalink/src/main/resources
[INFO] [vaadin:resources {execution: default}]
[INFO] auto discovered modules [org.aksw.AppWidgetSet]
[INFO] 1 source files from GWT module org.aksw.AppWidgetSet
Downloading: http://maven.vaadin.com/vaadin-addons/org/apache/jena/jena/2.7.4/jena-2.7.4.jar
[INFO] Unable to find resource 'org.apache.jena:jena:jar:2.7.4' in repository vaadin-addons (http://maven.vaadin.com/vaadin-addons)
Downloading: http://maven.aksw.org/archiva/repository/snapshots//org/apache/jena/jena/2.7.4/jena-2.7.4.jar
[INFO] Unable to find resource 'org.apache.jena:jena:jar:2.7.4' in repository snapshot.maven.aksw (http://maven.aksw.org/archiva/repository/snapshots/)
Downloading: http://projectlombok.org/mavenrepo/org/apache/jena/jena/2.7.4/jena-2.7.4.jar
[INFO] Unable to find resource 'org.apache.jena:jena:jar:2.7.4' in repository projectlombok.org (http://projectlombok.org/mavenrepo)
Downloading: http://maven.aksw.org/archiva/repository/internal//org/apache/jena/jena/2.7.4/jena-2.7.4.jar
[INFO] Unable to find resource 'org.apache.jena:jena:jar:2.7.4' in repository maven.aksw (http://maven.aksw.org/archiva/repository/internal/)
Downloading: http://repo1.maven.org/maven2/org/apache/jena/jena/2.7.4/jena-2.7.4.jar
[INFO] Unable to find resource 'org.apache.jena:jena:jar:2.7.4' in repository central (http://repo1.maven.org/maven2)
[INFO] ------------------------------------------------------------------------
[ERROR] BUILD ERROR
[INFO] ------------------------------------------------------------------------
[INFO] Failed to resolve artifact.

Missing:
----------
1) org.apache.jena:jena:jar:2.7.4

  Try downloading the file manually from the project website.

  Then, install it using the command: 
      mvn install:install-file -DgroupId=org.apache.jena -DartifactId=jena -Dversion=2.7.4 -Dpackaging=jar -Dfile=/path/to/file

  Alternatively, if you host your own repository you can deploy the file there: 
      mvn deploy:deploy-file -DgroupId=org.apache.jena -DartifactId=jena -Dversion=2.7.4 -Dpackaging=jar -Dfile=/path/to/file -Durl=[url] -DrepositoryId=[id]

  Path to dependency: 
  	1) org.aksw:evalink:war:1.0
  	2) org.apache.jena:jena:jar:2.7.4

----------
1 required artifact is missing.

for artifact: 
  org.aksw:evalink:war:1.0

from the specified remote repositories:
  central (http://repo1.maven.org/maven2),
  vaadin-snapshots (http://oss.sonatype.org/content/repositories/vaadin-snapshots/),
  vaadin-addons (http://maven.vaadin.com/vaadin-addons),
  projectlombok.org (http://projectlombok.org/mavenrepo),
  snapshot.maven.aksw (http://maven.aksw.org/archiva/repository/snapshots/),
  maven.aksw (http://maven.aksw.org/archiva/repository/internal/)



[INFO] ------------------------------------------------------------------------
[INFO] For more information, run Maven with the -e switch
[INFO] ------------------------------------------------------------------------
[INFO] Total time: 9 seconds
[INFO] Finished at: Wed May 08 18:18:42 CEST 2013
[INFO] Final Memory: 28M/67M
[INFO] ------------------------------------------------------------------------
